<?xml version="1.0" encoding="UTF-8"?>
<!-- Generated by org.testng.reporters.JUnitReportReporter -->
<testsuite hostname="LAPTOP-UME0J8R8" failures="0" tests="1" name="TestSuites.trutime" time="47.481" errors="0" timestamp="2023-07-12T23:19:23 IST" skipped="0">
  <testcase classname="TestSuites.trutime" name="testCases" time="47.481"/>
  <system-out/>
</testsuite> <!-- TestSuites.trutime -->
